2025-10-22 21:58:11 - torch._dynamo.utils - INFO - TorchDynamo compilation metrics:
Function, Runtimes (s)
2025-10-22 22:02:21 - GraphTrainer - INFO - Starting training...
2025-10-22 22:02:21 - GraphTrainer - INFO - 模型: mig
2025-10-22 22:02:21 - GraphTrainer - INFO - 总参数量: 2,633,024
2025-10-22 22:02:21 - GraphTrainer - INFO - 可训练参数量: 2,628,864
2025-10-22 22:02:21 - GraphTrainer - INFO - ============================================================
2025-10-22 22:02:21 - GraphTrainer - INFO - 开始第 1/50 轮训练
2025-10-22 22:02:21 - GraphTrainer - INFO - ============================================================
2025-10-22 22:02:22 - torch._dynamo.utils - INFO - TorchDynamo compilation metrics:
Function, Runtimes (s)
2025-10-22 22:05:54 - GraphTrainer - INFO - Starting training...
2025-10-22 22:05:54 - GraphTrainer - INFO - 模型: mig
2025-10-22 22:05:54 - GraphTrainer - INFO - 总参数量: 2,633,024
2025-10-22 22:05:54 - GraphTrainer - INFO - 可训练参数量: 2,628,864
2025-10-22 22:05:54 - GraphTrainer - INFO - ============================================================
2025-10-22 22:05:54 - GraphTrainer - INFO - 开始第 1/50 轮训练
2025-10-22 22:05:54 - GraphTrainer - INFO - ============================================================
2025-10-22 22:05:55 - torch._dynamo.utils - INFO - TorchDynamo compilation metrics:
Function, Runtimes (s)
2025-10-22 22:07:19 - GraphTrainer - INFO - Starting training...
2025-10-22 22:07:19 - GraphTrainer - INFO - 模型: mig
2025-10-22 22:07:19 - GraphTrainer - INFO - 总参数量: 2,633,024
2025-10-22 22:07:19 - GraphTrainer - INFO - 可训练参数量: 2,628,864
2025-10-22 22:07:19 - GraphTrainer - INFO - ============================================================
2025-10-22 22:07:19 - GraphTrainer - INFO - 开始第 1/50 轮训练
2025-10-22 22:07:19 - GraphTrainer - INFO - ============================================================
2025-10-22 22:07:20 - torch._dynamo.utils - INFO - TorchDynamo compilation metrics:
Function, Runtimes (s)
2025-10-22 22:08:39 - GraphTrainer - INFO - Starting training...
2025-10-22 22:08:39 - GraphTrainer - INFO - 模型: mig
2025-10-22 22:08:39 - GraphTrainer - INFO - 总参数量: 2,633,024
2025-10-22 22:08:39 - GraphTrainer - INFO - 可训练参数量: 2,628,864
2025-10-22 22:08:39 - GraphTrainer - INFO - ============================================================
2025-10-22 22:08:39 - GraphTrainer - INFO - 开始第 1/50 轮训练
2025-10-22 22:08:39 - GraphTrainer - INFO - ============================================================
2025-10-22 22:08:40 - torch._dynamo.utils - INFO - TorchDynamo compilation metrics:
Function, Runtimes (s)
2025-10-22 22:09:53 - GraphTrainer - INFO - Starting training...
2025-10-22 22:09:53 - GraphTrainer - INFO - 模型: mig
2025-10-22 22:09:53 - GraphTrainer - INFO - 总参数量: 2,633,024
2025-10-22 22:09:53 - GraphTrainer - INFO - 可训练参数量: 2,628,864
2025-10-22 22:09:53 - GraphTrainer - INFO - ============================================================
2025-10-22 22:09:53 - GraphTrainer - INFO - 开始第 1/50 轮训练
2025-10-22 22:09:53 - GraphTrainer - INFO - ============================================================
2025-10-22 22:09:54 - torch._dynamo.utils - INFO - TorchDynamo compilation metrics:
Function, Runtimes (s)
2025-10-22 22:12:00 - GraphTrainer - INFO - Starting training...
2025-10-22 22:12:00 - GraphTrainer - INFO - 模型: mig
2025-10-22 22:12:00 - GraphTrainer - INFO - 总参数量: 2,633,024
2025-10-22 22:12:00 - GraphTrainer - INFO - 可训练参数量: 2,628,864
2025-10-22 22:12:00 - GraphTrainer - INFO - ============================================================
2025-10-22 22:12:00 - GraphTrainer - INFO - 开始第 1/50 轮训练
2025-10-22 22:12:00 - GraphTrainer - INFO - ============================================================
2025-10-22 22:12:01 - torch._dynamo.utils - INFO - TorchDynamo compilation metrics:
Function, Runtimes (s)
2025-10-22 22:13:28 - GraphTrainer - INFO - Starting training...
2025-10-22 22:13:28 - GraphTrainer - INFO - 模型: mig
2025-10-22 22:13:28 - GraphTrainer - INFO - 总参数量: 2,633,024
2025-10-22 22:13:28 - GraphTrainer - INFO - 可训练参数量: 2,628,864
2025-10-22 22:13:28 - GraphTrainer - INFO - ============================================================
2025-10-22 22:13:28 - GraphTrainer - INFO - 开始第 1/50 轮训练
2025-10-22 22:13:28 - GraphTrainer - INFO - ============================================================
2025-10-22 22:13:29 - torch._dynamo.utils - INFO - TorchDynamo compilation metrics:
Function, Runtimes (s)
2025-10-22 22:16:32 - GraphTrainer - INFO - Starting training...
2025-10-22 22:16:32 - GraphTrainer - INFO - 模型: mig
2025-10-22 22:16:32 - GraphTrainer - INFO - 总参数量: 2,633,024
2025-10-22 22:16:32 - GraphTrainer - INFO - 可训练参数量: 2,628,864
2025-10-22 22:16:32 - GraphTrainer - INFO - ============================================================
2025-10-22 22:16:32 - GraphTrainer - INFO - 开始第 1/50 轮训练
2025-10-22 22:16:32 - GraphTrainer - INFO - ============================================================
2025-10-22 22:16:32 - torch._dynamo.utils - INFO - TorchDynamo compilation metrics:
Function, Runtimes (s)
2025-10-22 22:18:59 - GraphTrainer - INFO - Starting training...
2025-10-22 22:18:59 - GraphTrainer - INFO - 模型: mig
2025-10-22 22:18:59 - GraphTrainer - INFO - 总参数量: 2,633,024
2025-10-22 22:18:59 - GraphTrainer - INFO - 可训练参数量: 2,628,864
2025-10-22 22:18:59 - GraphTrainer - INFO - ============================================================
2025-10-22 22:18:59 - GraphTrainer - INFO - 开始第 1/50 轮训练
2025-10-22 22:18:59 - GraphTrainer - INFO - ============================================================
2025-10-22 22:18:59 - torch._dynamo.utils - INFO - TorchDynamo compilation metrics:
Function, Runtimes (s)
2025-10-22 22:20:52 - GraphTrainer - INFO - Starting training...
2025-10-22 22:20:52 - GraphTrainer - INFO - 模型: mig
2025-10-22 22:20:52 - GraphTrainer - INFO - 总参数量: 2,633,024
2025-10-22 22:20:52 - GraphTrainer - INFO - 可训练参数量: 2,628,864
2025-10-22 22:20:52 - GraphTrainer - INFO - ============================================================
2025-10-22 22:20:52 - GraphTrainer - INFO - 开始第 1/50 轮训练
2025-10-22 22:20:52 - GraphTrainer - INFO - ============================================================
2025-10-22 22:20:53 - torch._dynamo.utils - INFO - TorchDynamo compilation metrics:
Function, Runtimes (s)
2025-10-22 22:23:23 - GraphTrainer - INFO - Starting training...
2025-10-22 22:23:23 - GraphTrainer - INFO - 模型: mig
2025-10-22 22:23:23 - GraphTrainer - INFO - 总参数量: 937,344
2025-10-22 22:23:23 - GraphTrainer - INFO - 可训练参数量: 933,184
2025-10-22 22:23:23 - GraphTrainer - INFO - ============================================================
2025-10-22 22:23:23 - GraphTrainer - INFO - 开始第 1/50 轮训练
2025-10-22 22:23:23 - GraphTrainer - INFO - ============================================================
2025-10-22 22:23:24 - torch._dynamo.utils - INFO - TorchDynamo compilation metrics:
Function, Runtimes (s)
2025-10-22 22:25:38 - GraphTrainer - INFO - Starting training...
2025-10-22 22:25:38 - GraphTrainer - INFO - 模型: mig
2025-10-22 22:25:38 - GraphTrainer - INFO - 总参数量: 937,344
2025-10-22 22:25:38 - GraphTrainer - INFO - 可训练参数量: 933,184
2025-10-22 22:25:38 - GraphTrainer - INFO - ============================================================
2025-10-22 22:25:38 - GraphTrainer - INFO - 开始第 1/50 轮训练
2025-10-22 22:25:38 - GraphTrainer - INFO - ============================================================
2025-10-22 22:25:39 - torch._dynamo.utils - INFO - TorchDynamo compilation metrics:
Function, Runtimes (s)
2025-10-22 22:30:15 - GraphTrainer - INFO - Starting training...
2025-10-22 22:30:15 - GraphTrainer - INFO - 模型: mig
2025-10-22 22:30:15 - GraphTrainer - INFO - 总参数量: 937,344
2025-10-22 22:30:15 - GraphTrainer - INFO - 可训练参数量: 933,184
2025-10-22 22:30:15 - GraphTrainer - INFO - ============================================================
2025-10-22 22:30:15 - GraphTrainer - INFO - 开始第 1/50 轮训练
2025-10-22 22:30:15 - GraphTrainer - INFO - ============================================================
2025-10-22 22:30:16 - torch._dynamo.utils - INFO - TorchDynamo compilation metrics:
Function, Runtimes (s)
2025-10-22 22:33:24 - GraphTrainer - INFO - Starting training...
2025-10-22 22:33:24 - GraphTrainer - INFO - 模型: mig
2025-10-22 22:33:24 - GraphTrainer - INFO - 总参数量: 937,344
2025-10-22 22:33:24 - GraphTrainer - INFO - 可训练参数量: 933,184
2025-10-22 22:33:24 - GraphTrainer - INFO - ============================================================
2025-10-22 22:33:24 - GraphTrainer - INFO - 开始第 1/50 轮训练
2025-10-22 22:33:24 - GraphTrainer - INFO - ============================================================
2025-10-22 22:33:25 - torch._dynamo.utils - INFO - TorchDynamo compilation metrics:
Function, Runtimes (s)
2025-10-22 22:35:27 - GraphTrainer - INFO - Starting training...
2025-10-22 22:35:27 - GraphTrainer - INFO - 模型: mig
2025-10-22 22:35:27 - GraphTrainer - INFO - 总参数量: 937,344
2025-10-22 22:35:27 - GraphTrainer - INFO - 可训练参数量: 933,184
2025-10-22 22:35:27 - GraphTrainer - INFO - ============================================================
2025-10-22 22:35:27 - GraphTrainer - INFO - 开始第 1/50 轮训练
2025-10-22 22:35:27 - GraphTrainer - INFO - ============================================================
2025-10-22 22:35:28 - torch._dynamo.utils - INFO - TorchDynamo compilation metrics:
Function, Runtimes (s)
2025-10-22 22:37:36 - GraphTrainer - INFO - Starting training...
2025-10-22 22:37:36 - GraphTrainer - INFO - 模型: mig
2025-10-22 22:37:36 - GraphTrainer - INFO - 总参数量: 937,344
2025-10-22 22:37:36 - GraphTrainer - INFO - 可训练参数量: 933,184
2025-10-22 22:37:36 - GraphTrainer - INFO - ============================================================
2025-10-22 22:37:36 - GraphTrainer - INFO - 开始第 1/50 轮训练
2025-10-22 22:37:36 - GraphTrainer - INFO - ============================================================
2025-10-22 22:37:37 - torch._dynamo.utils - INFO - TorchDynamo compilation metrics:
Function, Runtimes (s)
2025-10-22 22:43:33 - GraphTrainer - INFO - Starting training...
2025-10-22 22:43:33 - GraphTrainer - INFO - 模型: mig
2025-10-22 22:43:33 - GraphTrainer - INFO - 总参数量: 937,344
2025-10-22 22:43:33 - GraphTrainer - INFO - 可训练参数量: 933,184
2025-10-22 22:43:33 - GraphTrainer - INFO - ============================================================
2025-10-22 22:43:33 - GraphTrainer - INFO - 开始第 1/50 轮训练
2025-10-22 22:43:33 - GraphTrainer - INFO - ============================================================
2025-10-22 22:43:34 - torch._dynamo.utils - INFO - TorchDynamo compilation metrics:
Function, Runtimes (s)
2025-10-22 22:44:43 - GraphTrainer - INFO - Starting training...
2025-10-22 22:44:43 - GraphTrainer - INFO - 模型: mig
2025-10-22 22:44:43 - GraphTrainer - INFO - 总参数量: 937,344
2025-10-22 22:44:43 - GraphTrainer - INFO - 可训练参数量: 933,184
2025-10-22 22:44:43 - GraphTrainer - INFO - ============================================================
2025-10-22 22:44:43 - GraphTrainer - INFO - 开始第 1/50 轮训练
2025-10-22 22:44:43 - GraphTrainer - INFO - ============================================================
2025-10-22 22:44:44 - torch._dynamo.utils - INFO - TorchDynamo compilation metrics:
Function, Runtimes (s)
2025-10-22 22:48:27 - GraphTrainer - INFO - Starting training...
2025-10-22 22:48:27 - GraphTrainer - INFO - 模型: mig
2025-10-22 22:48:27 - GraphTrainer - INFO - 总参数量: 937,344
2025-10-22 22:48:27 - GraphTrainer - INFO - 可训练参数量: 933,184
2025-10-22 22:48:27 - GraphTrainer - INFO - ============================================================
2025-10-22 22:48:27 - GraphTrainer - INFO - 开始第 1/50 轮训练
2025-10-22 22:48:27 - GraphTrainer - INFO - ============================================================
2025-10-22 22:48:28 - torch._dynamo.utils - INFO - TorchDynamo compilation metrics:
Function, Runtimes (s)
2025-10-22 22:49:46 - GraphTrainer - INFO - Starting training...
2025-10-22 22:49:46 - GraphTrainer - INFO - 模型: mig
2025-10-22 22:49:46 - GraphTrainer - INFO - 总参数量: 937,344
2025-10-22 22:49:46 - GraphTrainer - INFO - 可训练参数量: 933,184
2025-10-22 22:49:46 - GraphTrainer - INFO - ============================================================
2025-10-22 22:49:46 - GraphTrainer - INFO - 开始第 1/50 轮训练
2025-10-22 22:49:46 - GraphTrainer - INFO - ============================================================
2025-10-22 22:49:47 - torch._dynamo.utils - INFO - TorchDynamo compilation metrics:
Function, Runtimes (s)
2025-10-22 22:51:47 - GraphTrainer - INFO - Starting training...
2025-10-22 22:51:47 - GraphTrainer - INFO - 模型: mig
2025-10-22 22:51:47 - GraphTrainer - INFO - 总参数量: 937,344
2025-10-22 22:51:47 - GraphTrainer - INFO - 可训练参数量: 933,184
2025-10-22 22:51:47 - GraphTrainer - INFO - ============================================================
2025-10-22 22:51:47 - GraphTrainer - INFO - 开始第 1/50 轮训练
2025-10-22 22:51:47 - GraphTrainer - INFO - ============================================================
2025-10-22 22:51:48 - torch._dynamo.utils - INFO - TorchDynamo compilation metrics:
Function, Runtimes (s)
2025-10-22 22:53:37 - GraphTrainer - INFO - Starting training...
2025-10-22 22:53:37 - GraphTrainer - INFO - 模型: mig
2025-10-22 22:53:37 - GraphTrainer - INFO - 总参数量: 937,344
2025-10-22 22:53:37 - GraphTrainer - INFO - 可训练参数量: 933,184
2025-10-22 22:53:37 - GraphTrainer - INFO - ============================================================
2025-10-22 22:53:37 - GraphTrainer - INFO - 开始第 1/50 轮训练
2025-10-22 22:53:37 - GraphTrainer - INFO - ============================================================
2025-10-22 22:53:38 - torch._dynamo.utils - INFO - TorchDynamo compilation metrics:
Function, Runtimes (s)
2025-10-22 22:55:12 - GraphTrainer - INFO - Starting training...
2025-10-22 22:55:12 - GraphTrainer - INFO - 模型: mig
2025-10-22 22:55:12 - GraphTrainer - INFO - 总参数量: 937,344
2025-10-22 22:55:12 - GraphTrainer - INFO - 可训练参数量: 933,184
2025-10-22 22:55:12 - GraphTrainer - INFO - ============================================================
2025-10-22 22:55:12 - GraphTrainer - INFO - 开始第 1/50 轮训练
2025-10-22 22:55:12 - GraphTrainer - INFO - ============================================================
2025-10-22 22:55:19 - torch._dynamo.utils - INFO - TorchDynamo compilation metrics:
Function, Runtimes (s)
2025-10-22 22:57:24 - GraphTrainer - INFO - Starting training...
2025-10-22 22:57:24 - GraphTrainer - INFO - 模型: mig
2025-10-22 22:57:24 - GraphTrainer - INFO - 总参数量: 937,344
2025-10-22 22:57:24 - GraphTrainer - INFO - 可训练参数量: 933,184
2025-10-22 22:57:24 - GraphTrainer - INFO - ============================================================
2025-10-22 22:57:24 - GraphTrainer - INFO - 开始第 1/50 轮训练
2025-10-22 22:57:24 - GraphTrainer - INFO - ============================================================
2025-10-22 22:57:31 - torch._dynamo.utils - INFO - TorchDynamo compilation metrics:
Function, Runtimes (s)
