2025-10-21 22:01:46 - torch._inductor.config - INFO - compile_threads set to 1 for win32
2025-10-21 22:06:40 - torch._inductor.config - INFO - compile_threads set to 1 for win32
2025-10-21 22:06:50 - GraphTrainer - INFO - Starting training...
2025-10-21 22:06:50 - GraphTrainer - INFO - 模型: MMGCN
2025-10-21 22:06:50 - GraphTrainer - INFO - 总参数量: 2,053,256
2025-10-21 22:06:50 - GraphTrainer - INFO - 可训练参数量: 2,053,256
2025-10-21 22:06:50 - GraphTrainer - INFO - ============================================================
2025-10-21 22:06:50 - GraphTrainer - INFO - 开始第 1/50 轮训练
2025-10-21 22:06:50 - GraphTrainer - INFO - ============================================================
2025-10-21 22:09:03 - torch._dynamo.eval_frame - INFO - TorchDynamo attempted to trace the following frames: [

]
2025-10-21 22:09:03 - torch._dynamo.utils - INFO - TorchDynamo compilation metrics:
Function, Runtimes (s)
2025-10-21 22:13:42 - torch._inductor.config - INFO - compile_threads set to 1 for win32
2025-10-21 22:13:50 - GraphTrainer - INFO - Starting training...
2025-10-21 22:13:50 - GraphTrainer - INFO - 模型: MMGCN
2025-10-21 22:13:50 - GraphTrainer - INFO - 总参数量: 2,053,256
2025-10-21 22:13:50 - GraphTrainer - INFO - 可训练参数量: 2,053,256
2025-10-21 22:13:50 - GraphTrainer - INFO - ============================================================
2025-10-21 22:13:50 - GraphTrainer - INFO - 开始第 1/50 轮训练
2025-10-21 22:13:50 - GraphTrainer - INFO - ============================================================
2025-10-21 22:21:40 - GraphTrainer - INFO - 验证结果:
2025-10-21 22:21:41 - GraphTrainer - INFO -   precision@5: 0.003034
2025-10-21 22:21:41 - GraphTrainer - INFO -   recall@5: 0.014747
2025-10-21 22:21:41 - GraphTrainer - INFO -   hit_rate@5: 0.015171
2025-10-21 22:21:41 - GraphTrainer - INFO -   ndcg@5: 0.007789
2025-10-21 22:21:41 - GraphTrainer - INFO -   map@5: 0.005496
2025-10-21 22:21:41 - GraphTrainer - INFO -   mrr@5: 0.005606
2025-10-21 22:21:41 - GraphTrainer - INFO -   precision@10: 0.002710
2025-10-21 22:21:41 - GraphTrainer - INFO -   recall@10: 0.026224
2025-10-21 22:21:41 - GraphTrainer - INFO -   hit_rate@10: 0.027051
2025-10-21 22:21:41 - GraphTrainer - INFO -   ndcg@10: 0.011505
2025-10-21 22:21:41 - GraphTrainer - INFO -   map@10: 0.007004
2025-10-21 22:21:41 - GraphTrainer - INFO -   mrr@10: 0.007163
2025-10-21 22:21:41 - GraphTrainer - INFO -   precision@20: 0.002386
2025-10-21 22:21:41 - GraphTrainer - INFO -   recall@20: 0.045661
2025-10-21 22:21:41 - GraphTrainer - INFO -   hit_rate@20: 0.047519
2025-10-21 22:21:41 - GraphTrainer - INFO -   ndcg@20: 0.016436
2025-10-21 22:21:41 - GraphTrainer - INFO -   map@20: 0.008321
2025-10-21 22:21:41 - GraphTrainer - INFO -   mrr@20: 0.008544
2025-10-21 22:21:41 - GraphTrainer - INFO - 第 1 轮训练完成
2025-10-21 22:21:41 - GraphTrainer - INFO - train_loss: 1.041998
2025-10-21 22:21:41 - GraphTrainer - INFO - precision@5: 0.003034
2025-10-21 22:21:41 - GraphTrainer - INFO - recall@5: 0.014747
2025-10-21 22:21:41 - GraphTrainer - INFO - hit_rate@5: 0.015171
2025-10-21 22:21:41 - GraphTrainer - INFO - ndcg@5: 0.007789
2025-10-21 22:21:41 - GraphTrainer - INFO - map@5: 0.005496
2025-10-21 22:21:41 - GraphTrainer - INFO - mrr@5: 0.005606
2025-10-21 22:21:41 - GraphTrainer - INFO - precision@10: 0.002710
2025-10-21 22:21:41 - GraphTrainer - INFO - recall@10: 0.026224
2025-10-21 22:21:41 - GraphTrainer - INFO - hit_rate@10: 0.027051
2025-10-21 22:21:41 - GraphTrainer - INFO - ndcg@10: 0.011505
2025-10-21 22:21:41 - GraphTrainer - INFO - map@10: 0.007004
2025-10-21 22:21:41 - GraphTrainer - INFO - mrr@10: 0.007163
2025-10-21 22:21:41 - GraphTrainer - INFO - precision@20: 0.002386
2025-10-21 22:21:41 - GraphTrainer - INFO - recall@20: 0.045661
2025-10-21 22:21:41 - GraphTrainer - INFO - hit_rate@20: 0.047519
2025-10-21 22:21:41 - GraphTrainer - INFO - ndcg@20: 0.016436
2025-10-21 22:21:41 - GraphTrainer - INFO - map@20: 0.008321
2025-10-21 22:21:41 - GraphTrainer - INFO - mrr@20: 0.008544
2025-10-21 22:21:41 - GraphTrainer - INFO - ------------------------------------------------------------
2025-10-21 22:21:41 - GraphTrainer - INFO - ============================================================
2025-10-21 22:21:41 - GraphTrainer - INFO - 开始第 2/50 轮训练
2025-10-21 22:21:41 - GraphTrainer - INFO - ============================================================
2025-10-21 22:28:40 - GraphTrainer - INFO - 验证结果:
2025-10-21 22:28:40 - GraphTrainer - INFO -   precision@5: 0.002983
2025-10-21 22:28:40 - GraphTrainer - INFO -   recall@5: 0.014387
2025-10-21 22:28:40 - GraphTrainer - INFO -   hit_rate@5: 0.014862
2025-10-21 22:28:40 - GraphTrainer - INFO -   ndcg@5: 0.007693
2025-10-21 22:28:40 - GraphTrainer - INFO -   map@5: 0.005463
2025-10-21 22:28:40 - GraphTrainer - INFO -   mrr@5: 0.005598
2025-10-21 22:28:40 - GraphTrainer - INFO -   precision@10: 0.002669
2025-10-21 22:28:40 - GraphTrainer - INFO -   recall@10: 0.025774
2025-10-21 22:28:40 - GraphTrainer - INFO -   hit_rate@10: 0.026639
2025-10-21 22:28:40 - GraphTrainer - INFO -   ndcg@10: 0.011378
2025-10-21 22:28:40 - GraphTrainer - INFO -   map@10: 0.006960
2025-10-21 22:28:40 - GraphTrainer - INFO -   mrr@10: 0.007144
2025-10-21 22:28:40 - GraphTrainer - INFO -   precision@20: 0.002340
2025-10-21 22:28:40 - GraphTrainer - INFO -   recall@20: 0.044726
2025-10-21 22:28:40 - GraphTrainer - INFO -   hit_rate@20: 0.046593
2025-10-21 22:28:40 - GraphTrainer - INFO -   ndcg@20: 0.016135
2025-10-21 22:28:40 - GraphTrainer - INFO -   map@20: 0.008204
2025-10-21 22:28:40 - GraphTrainer - INFO -   mrr@20: 0.008450
2025-10-21 22:28:40 - GraphTrainer - INFO - 第 2 轮训练完成
2025-10-21 22:28:40 - GraphTrainer - INFO - train_loss: 0.485256
2025-10-21 22:28:40 - GraphTrainer - INFO - precision@5: 0.002983
2025-10-21 22:28:40 - GraphTrainer - INFO - recall@5: 0.014387
2025-10-21 22:28:40 - GraphTrainer - INFO - hit_rate@5: 0.014862
2025-10-21 22:28:40 - GraphTrainer - INFO - ndcg@5: 0.007693
2025-10-21 22:28:40 - GraphTrainer - INFO - map@5: 0.005463
2025-10-21 22:28:40 - GraphTrainer - INFO - mrr@5: 0.005598
2025-10-21 22:28:40 - GraphTrainer - INFO - precision@10: 0.002669
2025-10-21 22:28:40 - GraphTrainer - INFO - recall@10: 0.025774
2025-10-21 22:28:40 - GraphTrainer - INFO - hit_rate@10: 0.026639
2025-10-21 22:28:40 - GraphTrainer - INFO - ndcg@10: 0.011378
2025-10-21 22:28:40 - GraphTrainer - INFO - map@10: 0.006960
2025-10-21 22:28:40 - GraphTrainer - INFO - mrr@10: 0.007144
2025-10-21 22:28:40 - GraphTrainer - INFO - precision@20: 0.002340
2025-10-21 22:28:40 - GraphTrainer - INFO - recall@20: 0.044726
2025-10-21 22:28:40 - GraphTrainer - INFO - hit_rate@20: 0.046593
2025-10-21 22:28:40 - GraphTrainer - INFO - ndcg@20: 0.016135
2025-10-21 22:28:40 - GraphTrainer - INFO - map@20: 0.008204
2025-10-21 22:28:40 - GraphTrainer - INFO - mrr@20: 0.008450
2025-10-21 22:28:40 - GraphTrainer - INFO - ------------------------------------------------------------
2025-10-21 22:28:40 - GraphTrainer - INFO - ============================================================
2025-10-21 22:28:40 - GraphTrainer - INFO - 开始第 3/50 轮训练
2025-10-21 22:28:40 - GraphTrainer - INFO - ============================================================
2025-10-21 22:35:47 - GraphTrainer - INFO - 验证结果:
2025-10-21 22:35:47 - GraphTrainer - INFO -   precision@5: 0.002777
2025-10-21 22:35:47 - GraphTrainer - INFO -   recall@5: 0.013555
2025-10-21 22:35:47 - GraphTrainer - INFO -   hit_rate@5: 0.013885
2025-10-21 22:35:47 - GraphTrainer - INFO -   ndcg@5: 0.007113
2025-10-21 22:35:47 - GraphTrainer - INFO -   map@5: 0.004998
2025-10-21 22:35:47 - GraphTrainer - INFO -   mrr@5: 0.005079
2025-10-21 22:35:47 - GraphTrainer - INFO -   precision@10: 0.002592
2025-10-21 22:35:47 - GraphTrainer - INFO -   recall@10: 0.025105
2025-10-21 22:35:47 - GraphTrainer - INFO -   hit_rate@10: 0.025868
2025-10-21 22:35:47 - GraphTrainer - INFO -   ndcg@10: 0.010866
2025-10-21 22:35:47 - GraphTrainer - INFO -   map@10: 0.006527
2025-10-21 22:35:47 - GraphTrainer - INFO -   mrr@10: 0.006662
2025-10-21 22:35:47 - GraphTrainer - INFO -   precision@20: 0.002276
2025-10-21 22:35:47 - GraphTrainer - INFO -   recall@20: 0.043501
2025-10-21 22:35:47 - GraphTrainer - INFO -   hit_rate@20: 0.045307
2025-10-21 22:35:47 - GraphTrainer - INFO -   ndcg@20: 0.015506
2025-10-21 22:35:47 - GraphTrainer - INFO -   map@20: 0.007749
2025-10-21 22:35:47 - GraphTrainer - INFO -   mrr@20: 0.007952
2025-10-21 22:35:47 - GraphTrainer - INFO - 第 3 轮训练完成
2025-10-21 22:35:47 - GraphTrainer - INFO - train_loss: 0.464176
2025-10-21 22:35:47 - GraphTrainer - INFO - precision@5: 0.002777
2025-10-21 22:35:47 - GraphTrainer - INFO - recall@5: 0.013555
2025-10-21 22:35:47 - GraphTrainer - INFO - hit_rate@5: 0.013885
2025-10-21 22:35:47 - GraphTrainer - INFO - ndcg@5: 0.007113
2025-10-21 22:35:47 - GraphTrainer - INFO - map@5: 0.004998
2025-10-21 22:35:47 - GraphTrainer - INFO - mrr@5: 0.005079
2025-10-21 22:35:47 - GraphTrainer - INFO - precision@10: 0.002592
2025-10-21 22:35:47 - GraphTrainer - INFO - recall@10: 0.025105
2025-10-21 22:35:47 - GraphTrainer - INFO - hit_rate@10: 0.025868
2025-10-21 22:35:47 - GraphTrainer - INFO - ndcg@10: 0.010866
2025-10-21 22:35:47 - GraphTrainer - INFO - map@10: 0.006527
2025-10-21 22:35:47 - GraphTrainer - INFO - mrr@10: 0.006662
2025-10-21 22:35:47 - GraphTrainer - INFO - precision@20: 0.002276
2025-10-21 22:35:47 - GraphTrainer - INFO - recall@20: 0.043501
2025-10-21 22:35:47 - GraphTrainer - INFO - hit_rate@20: 0.045307
2025-10-21 22:35:47 - GraphTrainer - INFO - ndcg@20: 0.015506
2025-10-21 22:35:47 - GraphTrainer - INFO - map@20: 0.007749
2025-10-21 22:35:47 - GraphTrainer - INFO - mrr@20: 0.007952
2025-10-21 22:35:47 - GraphTrainer - INFO - ------------------------------------------------------------
2025-10-21 22:35:47 - GraphTrainer - INFO - ============================================================
2025-10-21 22:35:47 - GraphTrainer - INFO - 开始第 4/50 轮训练
2025-10-21 22:35:47 - GraphTrainer - INFO - ============================================================
2025-10-21 22:42:13 - GraphTrainer - INFO - 验证结果:
2025-10-21 22:42:13 - GraphTrainer - INFO -   precision@5: 0.003044
2025-10-21 22:42:13 - GraphTrainer - INFO -   recall@5: 0.014794
2025-10-21 22:42:13 - GraphTrainer - INFO -   hit_rate@5: 0.015222
2025-10-21 22:42:13 - GraphTrainer - INFO -   ndcg@5: 0.007870
2025-10-21 22:42:13 - GraphTrainer - INFO -   map@5: 0.005577
2025-10-21 22:42:13 - GraphTrainer - INFO -   mrr@5: 0.005708
2025-10-21 22:42:13 - GraphTrainer - INFO -   precision@10: 0.002710
2025-10-21 22:42:13 - GraphTrainer - INFO -   recall@10: 0.026125
2025-10-21 22:42:13 - GraphTrainer - INFO -   hit_rate@10: 0.027051
2025-10-21 22:42:13 - GraphTrainer - INFO -   ndcg@10: 0.011544
2025-10-21 22:42:13 - GraphTrainer - INFO -   map@10: 0.007065
2025-10-21 22:42:13 - GraphTrainer - INFO -   mrr@10: 0.007254
2025-10-21 22:42:13 - GraphTrainer - INFO -   precision@20: 0.002381
2025-10-21 22:42:13 - GraphTrainer - INFO -   recall@20: 0.045596
2025-10-21 22:42:13 - GraphTrainer - INFO -   hit_rate@20: 0.047467
2025-10-21 22:42:13 - GraphTrainer - INFO -   ndcg@20: 0.016432
2025-10-21 22:42:13 - GraphTrainer - INFO -   map@20: 0.008349
2025-10-21 22:42:13 - GraphTrainer - INFO -   mrr@20: 0.008597
2025-10-21 22:42:14 - GraphTrainer - INFO - 第 4 轮训练完成
2025-10-21 22:42:14 - GraphTrainer - INFO - train_loss: 0.453938
2025-10-21 22:42:14 - GraphTrainer - INFO - precision@5: 0.003044
2025-10-21 22:42:14 - GraphTrainer - INFO - recall@5: 0.014794
2025-10-21 22:42:14 - GraphTrainer - INFO - hit_rate@5: 0.015222
2025-10-21 22:42:14 - GraphTrainer - INFO - ndcg@5: 0.007870
2025-10-21 22:42:14 - GraphTrainer - INFO - map@5: 0.005577
2025-10-21 22:42:14 - GraphTrainer - INFO - mrr@5: 0.005708
2025-10-21 22:42:14 - GraphTrainer - INFO - precision@10: 0.002710
2025-10-21 22:42:14 - GraphTrainer - INFO - recall@10: 0.026125
2025-10-21 22:42:14 - GraphTrainer - INFO - hit_rate@10: 0.027051
2025-10-21 22:42:14 - GraphTrainer - INFO - ndcg@10: 0.011544
2025-10-21 22:42:14 - GraphTrainer - INFO - map@10: 0.007065
2025-10-21 22:42:14 - GraphTrainer - INFO - mrr@10: 0.007254
2025-10-21 22:42:14 - GraphTrainer - INFO - precision@20: 0.002381
2025-10-21 22:42:14 - GraphTrainer - INFO - recall@20: 0.045596
2025-10-21 22:42:14 - GraphTrainer - INFO - hit_rate@20: 0.047467
2025-10-21 22:42:14 - GraphTrainer - INFO - ndcg@20: 0.016432
2025-10-21 22:42:14 - GraphTrainer - INFO - map@20: 0.008349
2025-10-21 22:42:14 - GraphTrainer - INFO - mrr@20: 0.008597
2025-10-21 22:42:14 - GraphTrainer - INFO - ------------------------------------------------------------
2025-10-21 22:42:14 - GraphTrainer - INFO - ============================================================
2025-10-21 22:42:14 - GraphTrainer - INFO - 开始第 5/50 轮训练
2025-10-21 22:42:14 - GraphTrainer - INFO - ============================================================
2025-10-21 22:49:06 - GraphTrainer - INFO - 验证结果:
2025-10-21 22:49:06 - GraphTrainer - INFO -   precision@5: 0.002911
2025-10-21 22:49:06 - GraphTrainer - INFO -   recall@5: 0.014125
2025-10-21 22:49:06 - GraphTrainer - INFO -   hit_rate@5: 0.014554
2025-10-21 22:49:06 - GraphTrainer - INFO -   ndcg@5: 0.007400
2025-10-21 22:49:06 - GraphTrainer - INFO -   map@5: 0.005185
2025-10-21 22:49:06 - GraphTrainer - INFO -   mrr@5: 0.005293
2025-10-21 22:49:06 - GraphTrainer - INFO -   precision@10: 0.002576
2025-10-21 22:49:06 - GraphTrainer - INFO -   recall@10: 0.024899
2025-10-21 22:49:06 - GraphTrainer - INFO -   hit_rate@10: 0.025714
2025-10-21 22:49:06 - GraphTrainer - INFO -   ndcg@10: 0.010907
2025-10-21 22:49:06 - GraphTrainer - INFO -   map@10: 0.006619
2025-10-21 22:49:06 - GraphTrainer - INFO -   mrr@10: 0.006770
2025-10-21 22:49:06 - GraphTrainer - INFO -   precision@20: 0.002309
2025-10-21 22:49:06 - GraphTrainer - INFO -   recall@20: 0.044122
2025-10-21 22:49:06 - GraphTrainer - INFO -   hit_rate@20: 0.045924
2025-10-21 22:49:06 - GraphTrainer - INFO -   ndcg@20: 0.015747
2025-10-21 22:49:06 - GraphTrainer - INFO -   map@20: 0.007892
2025-10-21 22:49:06 - GraphTrainer - INFO -   mrr@20: 0.008107
2025-10-21 22:49:06 - GraphTrainer - INFO - 第 5 轮训练完成
2025-10-21 22:49:06 - GraphTrainer - INFO - train_loss: 0.449711
2025-10-21 22:49:06 - GraphTrainer - INFO - precision@5: 0.002911
2025-10-21 22:49:06 - GraphTrainer - INFO - recall@5: 0.014125
2025-10-21 22:49:06 - GraphTrainer - INFO - hit_rate@5: 0.014554
2025-10-21 22:49:06 - GraphTrainer - INFO - ndcg@5: 0.007400
2025-10-21 22:49:06 - GraphTrainer - INFO - map@5: 0.005185
2025-10-21 22:49:06 - GraphTrainer - INFO - mrr@5: 0.005293
2025-10-21 22:49:06 - GraphTrainer - INFO - precision@10: 0.002576
2025-10-21 22:49:06 - GraphTrainer - INFO - recall@10: 0.024899
2025-10-21 22:49:06 - GraphTrainer - INFO - hit_rate@10: 0.025714
2025-10-21 22:49:06 - GraphTrainer - INFO - ndcg@10: 0.010907
2025-10-21 22:49:06 - GraphTrainer - INFO - map@10: 0.006619
2025-10-21 22:49:06 - GraphTrainer - INFO - mrr@10: 0.006770
2025-10-21 22:49:06 - GraphTrainer - INFO - precision@20: 0.002309
2025-10-21 22:49:06 - GraphTrainer - INFO - recall@20: 0.044122
2025-10-21 22:49:06 - GraphTrainer - INFO - hit_rate@20: 0.045924
2025-10-21 22:49:06 - GraphTrainer - INFO - ndcg@20: 0.015747
2025-10-21 22:49:06 - GraphTrainer - INFO - map@20: 0.007892
2025-10-21 22:49:06 - GraphTrainer - INFO - mrr@20: 0.008107
2025-10-21 22:49:06 - GraphTrainer - INFO - ------------------------------------------------------------
2025-10-21 22:49:06 - GraphTrainer - INFO - ============================================================
2025-10-21 22:49:06 - GraphTrainer - INFO - 开始第 6/50 轮训练
2025-10-21 22:49:06 - GraphTrainer - INFO - ============================================================
2025-10-21 22:55:34 - GraphTrainer - INFO - 验证结果:
2025-10-21 22:55:34 - GraphTrainer - INFO -   precision@5: 0.003086
2025-10-21 22:55:34 - GraphTrainer - INFO -   recall@5: 0.014965
2025-10-21 22:55:34 - GraphTrainer - INFO -   hit_rate@5: 0.015428
2025-10-21 22:55:34 - GraphTrainer - INFO -   ndcg@5: 0.008062
2025-10-21 22:55:34 - GraphTrainer - INFO -   map@5: 0.005769
2025-10-21 22:55:34 - GraphTrainer - INFO -   mrr@5: 0.005912
2025-10-21 22:55:34 - GraphTrainer - INFO -   precision@10: 0.002643
2025-10-21 22:55:34 - GraphTrainer - INFO -   recall@10: 0.025448
2025-10-21 22:55:34 - GraphTrainer - INFO -   hit_rate@10: 0.026382
2025-10-21 22:55:34 - GraphTrainer - INFO -   ndcg@10: 0.011487
2025-10-21 22:55:34 - GraphTrainer - INFO -   map@10: 0.007170
2025-10-21 22:55:34 - GraphTrainer - INFO -   mrr@10: 0.007369
2025-10-21 22:55:34 - GraphTrainer - INFO -   precision@20: 0.002386
2025-10-21 22:55:34 - GraphTrainer - INFO -   recall@20: 0.045609
2025-10-21 22:55:34 - GraphTrainer - INFO -   hit_rate@20: 0.047467
2025-10-21 22:55:34 - GraphTrainer - INFO -   ndcg@20: 0.016571
2025-10-21 22:55:34 - GraphTrainer - INFO -   map@20: 0.008518
2025-10-21 22:55:34 - GraphTrainer - INFO -   mrr@20: 0.008776
2025-10-21 22:55:34 - GraphTrainer - INFO - 第 6 轮训练完成
2025-10-21 22:55:34 - GraphTrainer - INFO - train_loss: 0.447258
2025-10-21 22:55:34 - GraphTrainer - INFO - precision@5: 0.003086
2025-10-21 22:55:34 - GraphTrainer - INFO - recall@5: 0.014965
2025-10-21 22:55:34 - GraphTrainer - INFO - hit_rate@5: 0.015428
2025-10-21 22:55:34 - GraphTrainer - INFO - ndcg@5: 0.008062
2025-10-21 22:55:34 - GraphTrainer - INFO - map@5: 0.005769
2025-10-21 22:55:34 - GraphTrainer - INFO - mrr@5: 0.005912
2025-10-21 22:55:34 - GraphTrainer - INFO - precision@10: 0.002643
2025-10-21 22:55:34 - GraphTrainer - INFO - recall@10: 0.025448
2025-10-21 22:55:34 - GraphTrainer - INFO - hit_rate@10: 0.026382
2025-10-21 22:55:34 - GraphTrainer - INFO - ndcg@10: 0.011487
2025-10-21 22:55:34 - GraphTrainer - INFO - map@10: 0.007170
2025-10-21 22:55:34 - GraphTrainer - INFO - mrr@10: 0.007369
2025-10-21 22:55:34 - GraphTrainer - INFO - precision@20: 0.002386
2025-10-21 22:55:34 - GraphTrainer - INFO - recall@20: 0.045609
2025-10-21 22:55:34 - GraphTrainer - INFO - hit_rate@20: 0.047467
2025-10-21 22:55:34 - GraphTrainer - INFO - ndcg@20: 0.016571
2025-10-21 22:55:34 - GraphTrainer - INFO - map@20: 0.008518
2025-10-21 22:55:34 - GraphTrainer - INFO - mrr@20: 0.008776
2025-10-21 22:55:34 - GraphTrainer - INFO - ------------------------------------------------------------
2025-10-21 22:55:34 - GraphTrainer - INFO - ============================================================
2025-10-21 22:55:34 - GraphTrainer - INFO - 开始第 7/50 轮训练
2025-10-21 22:55:34 - GraphTrainer - INFO - ============================================================
2025-10-21 23:02:03 - GraphTrainer - INFO - 验证结果:
2025-10-21 23:02:03 - GraphTrainer - INFO -   precision@5: 0.002931
2025-10-21 23:02:03 - GraphTrainer - INFO -   recall@5: 0.014198
2025-10-21 23:02:03 - GraphTrainer - INFO -   hit_rate@5: 0.014605
2025-10-21 23:02:03 - GraphTrainer - INFO -   ndcg@5: 0.007583
2025-10-21 23:02:03 - GraphTrainer - INFO -   map@5: 0.005399
2025-10-21 23:02:03 - GraphTrainer - INFO -   mrr@5: 0.005508
2025-10-21 23:02:03 - GraphTrainer - INFO -   precision@10: 0.002633
2025-10-21 23:02:03 - GraphTrainer - INFO -   recall@10: 0.025444
2025-10-21 23:02:03 - GraphTrainer - INFO -   hit_rate@10: 0.026279
2025-10-21 23:02:03 - GraphTrainer - INFO -   ndcg@10: 0.011236
2025-10-21 23:02:03 - GraphTrainer - INFO -   map@10: 0.006888
2025-10-21 23:02:03 - GraphTrainer - INFO -   mrr@10: 0.007051
2025-10-21 23:02:03 - GraphTrainer - INFO -   precision@20: 0.002307
2025-10-21 23:02:03 - GraphTrainer - INFO -   recall@20: 0.044182
2025-10-21 23:02:03 - GraphTrainer - INFO -   hit_rate@20: 0.045873
2025-10-21 23:02:03 - GraphTrainer - INFO -   ndcg@20: 0.015955
2025-10-21 23:02:03 - GraphTrainer - INFO -   map@20: 0.008133
2025-10-21 23:02:03 - GraphTrainer - INFO -   mrr@20: 0.008352
2025-10-21 23:02:04 - GraphTrainer - INFO - 第 7 轮训练完成
2025-10-21 23:02:04 - GraphTrainer - INFO - train_loss: 0.446419
2025-10-21 23:02:04 - GraphTrainer - INFO - precision@5: 0.002931
2025-10-21 23:02:04 - GraphTrainer - INFO - recall@5: 0.014198
2025-10-21 23:02:04 - GraphTrainer - INFO - hit_rate@5: 0.014605
2025-10-21 23:02:04 - GraphTrainer - INFO - ndcg@5: 0.007583
2025-10-21 23:02:04 - GraphTrainer - INFO - map@5: 0.005399
2025-10-21 23:02:04 - GraphTrainer - INFO - mrr@5: 0.005508
2025-10-21 23:02:04 - GraphTrainer - INFO - precision@10: 0.002633
2025-10-21 23:02:04 - GraphTrainer - INFO - recall@10: 0.025444
2025-10-21 23:02:04 - GraphTrainer - INFO - hit_rate@10: 0.026279
2025-10-21 23:02:04 - GraphTrainer - INFO - ndcg@10: 0.011236
2025-10-21 23:02:04 - GraphTrainer - INFO - map@10: 0.006888
2025-10-21 23:02:04 - GraphTrainer - INFO - mrr@10: 0.007051
2025-10-21 23:02:04 - GraphTrainer - INFO - precision@20: 0.002307
2025-10-21 23:02:04 - GraphTrainer - INFO - recall@20: 0.044182
2025-10-21 23:02:04 - GraphTrainer - INFO - hit_rate@20: 0.045873
2025-10-21 23:02:04 - GraphTrainer - INFO - ndcg@20: 0.015955
2025-10-21 23:02:04 - GraphTrainer - INFO - map@20: 0.008133
2025-10-21 23:02:04 - GraphTrainer - INFO - mrr@20: 0.008352
2025-10-21 23:02:04 - GraphTrainer - INFO - ------------------------------------------------------------
2025-10-21 23:02:04 - GraphTrainer - INFO - ============================================================
2025-10-21 23:02:04 - GraphTrainer - INFO - 开始第 8/50 轮训练
2025-10-21 23:02:04 - GraphTrainer - INFO - ============================================================
2025-10-21 23:08:27 - GraphTrainer - INFO - 验证结果:
2025-10-21 23:08:27 - GraphTrainer - INFO -   precision@5: 0.003158
2025-10-21 23:08:27 - GraphTrainer - INFO -   recall@5: 0.015235
2025-10-21 23:08:27 - GraphTrainer - INFO -   hit_rate@5: 0.015737
2025-10-21 23:08:27 - GraphTrainer - INFO -   ndcg@5: 0.008338
2025-10-21 23:08:27 - GraphTrainer - INFO -   map@5: 0.006033
2025-10-21 23:08:27 - GraphTrainer - INFO -   mrr@5: 0.006188
2025-10-21 23:08:27 - GraphTrainer - INFO -   precision@10: 0.002731
2025-10-21 23:08:27 - GraphTrainer - INFO -   recall@10: 0.026305
2025-10-21 23:08:27 - GraphTrainer - INFO -   hit_rate@10: 0.027256
2025-10-21 23:08:27 - GraphTrainer - INFO -   ndcg@10: 0.011946
2025-10-21 23:08:27 - GraphTrainer - INFO -   map@10: 0.007510
2025-10-21 23:08:27 - GraphTrainer - INFO -   mrr@10: 0.007721
2025-10-21 23:08:27 - GraphTrainer - INFO -   precision@20: 0.002443
2025-10-21 23:08:27 - GraphTrainer - INFO -   recall@20: 0.046736
2025-10-21 23:08:27 - GraphTrainer - INFO -   hit_rate@20: 0.048547
2025-10-21 23:08:27 - GraphTrainer - INFO -   ndcg@20: 0.017086
2025-10-21 23:08:27 - GraphTrainer - INFO -   map@20: 0.008867
2025-10-21 23:08:27 - GraphTrainer - INFO -   mrr@20: 0.009131
2025-10-21 23:08:27 - GraphTrainer - INFO - 第 8 轮训练完成
2025-10-21 23:08:27 - GraphTrainer - INFO - train_loss: 0.443330
2025-10-21 23:08:27 - GraphTrainer - INFO - precision@5: 0.003158
2025-10-21 23:08:27 - GraphTrainer - INFO - recall@5: 0.015235
2025-10-21 23:08:27 - GraphTrainer - INFO - hit_rate@5: 0.015737
2025-10-21 23:08:27 - GraphTrainer - INFO - ndcg@5: 0.008338
2025-10-21 23:08:27 - GraphTrainer - INFO - map@5: 0.006033
2025-10-21 23:08:27 - GraphTrainer - INFO - mrr@5: 0.006188
2025-10-21 23:08:27 - GraphTrainer - INFO - precision@10: 0.002731
2025-10-21 23:08:27 - GraphTrainer - INFO - recall@10: 0.026305
2025-10-21 23:08:27 - GraphTrainer - INFO - hit_rate@10: 0.027256
2025-10-21 23:08:27 - GraphTrainer - INFO - ndcg@10: 0.011946
2025-10-21 23:08:27 - GraphTrainer - INFO - map@10: 0.007510
2025-10-21 23:08:27 - GraphTrainer - INFO - mrr@10: 0.007721
2025-10-21 23:08:27 - GraphTrainer - INFO - precision@20: 0.002443
2025-10-21 23:08:27 - GraphTrainer - INFO - recall@20: 0.046736
2025-10-21 23:08:27 - GraphTrainer - INFO - hit_rate@20: 0.048547
2025-10-21 23:08:27 - GraphTrainer - INFO - ndcg@20: 0.017086
2025-10-21 23:08:27 - GraphTrainer - INFO - map@20: 0.008867
2025-10-21 23:08:27 - GraphTrainer - INFO - mrr@20: 0.009131
2025-10-21 23:08:27 - GraphTrainer - INFO - ------------------------------------------------------------
2025-10-21 23:08:27 - GraphTrainer - INFO - ============================================================
2025-10-21 23:08:27 - GraphTrainer - INFO - 开始第 9/50 轮训练
2025-10-21 23:08:27 - GraphTrainer - INFO - ============================================================
2025-10-21 23:14:46 - GraphTrainer - INFO - 验证结果:
2025-10-21 23:14:46 - GraphTrainer - INFO -   precision@5: 0.003075
2025-10-21 23:14:46 - GraphTrainer - INFO -   recall@5: 0.014892
2025-10-21 23:14:46 - GraphTrainer - INFO -   hit_rate@5: 0.015325
2025-10-21 23:14:46 - GraphTrainer - INFO -   ndcg@5: 0.007964
2025-10-21 23:14:46 - GraphTrainer - INFO -   map@5: 0.005680
2025-10-21 23:14:46 - GraphTrainer - INFO -   mrr@5: 0.005796
2025-10-21 23:14:46 - GraphTrainer - INFO -   precision@10: 0.002669
2025-10-21 23:14:46 - GraphTrainer - INFO -   recall@10: 0.025679
2025-10-21 23:14:46 - GraphTrainer - INFO -   hit_rate@10: 0.026639
2025-10-21 23:14:46 - GraphTrainer - INFO -   ndcg@10: 0.011492
2025-10-21 23:14:46 - GraphTrainer - INFO -   map@10: 0.007125
2025-10-21 23:14:46 - GraphTrainer - INFO -   mrr@10: 0.007304
2025-10-21 23:14:46 - GraphTrainer - INFO -   precision@20: 0.002376
2025-10-21 23:14:46 - GraphTrainer - INFO -   recall@20: 0.045558
2025-10-21 23:14:46 - GraphTrainer - INFO -   hit_rate@20: 0.047416
2025-10-21 23:14:46 - GraphTrainer - INFO -   ndcg@20: 0.016501
2025-10-21 23:14:46 - GraphTrainer - INFO -   map@20: 0.008453
2025-10-21 23:14:46 - GraphTrainer - INFO -   mrr@20: 0.008691
2025-10-21 23:14:46 - GraphTrainer - INFO - 第 9 轮训练完成
2025-10-21 23:14:46 - GraphTrainer - INFO - train_loss: 0.438960
2025-10-21 23:14:46 - GraphTrainer - INFO - precision@5: 0.003075
2025-10-21 23:14:46 - GraphTrainer - INFO - recall@5: 0.014892
2025-10-21 23:14:46 - GraphTrainer - INFO - hit_rate@5: 0.015325
2025-10-21 23:14:46 - GraphTrainer - INFO - ndcg@5: 0.007964
2025-10-21 23:14:46 - GraphTrainer - INFO - map@5: 0.005680
2025-10-21 23:14:46 - GraphTrainer - INFO - mrr@5: 0.005796
2025-10-21 23:14:46 - GraphTrainer - INFO - precision@10: 0.002669
2025-10-21 23:14:46 - GraphTrainer - INFO - recall@10: 0.025679
2025-10-21 23:14:46 - GraphTrainer - INFO - hit_rate@10: 0.026639
2025-10-21 23:14:46 - GraphTrainer - INFO - ndcg@10: 0.011492
2025-10-21 23:14:46 - GraphTrainer - INFO - map@10: 0.007125
2025-10-21 23:14:46 - GraphTrainer - INFO - mrr@10: 0.007304
2025-10-21 23:14:46 - GraphTrainer - INFO - precision@20: 0.002376
2025-10-21 23:14:46 - GraphTrainer - INFO - recall@20: 0.045558
2025-10-21 23:14:46 - GraphTrainer - INFO - hit_rate@20: 0.047416
2025-10-21 23:14:46 - GraphTrainer - INFO - ndcg@20: 0.016501
2025-10-21 23:14:46 - GraphTrainer - INFO - map@20: 0.008453
2025-10-21 23:14:46 - GraphTrainer - INFO - mrr@20: 0.008691
2025-10-21 23:14:46 - GraphTrainer - INFO - ------------------------------------------------------------
2025-10-21 23:14:46 - GraphTrainer - INFO - ============================================================
2025-10-21 23:14:46 - GraphTrainer - INFO - 开始第 10/50 轮训练
2025-10-21 23:14:46 - GraphTrainer - INFO - ============================================================
