2025-11-12 12:46:52 - GraphTrainer - INFO - Starting training...
2025-11-12 12:46:52 - GraphTrainer - INFO - 模型: FastMMGCN
2025-11-12 12:46:52 - GraphTrainer - INFO - 总参数量: 1,982,466
2025-11-12 12:46:52 - GraphTrainer - INFO - 可训练参数量: 1,982,466
2025-11-12 12:46:52 - GraphTrainer - INFO - ============================================================
2025-11-12 12:46:52 - GraphTrainer - INFO - 开始第 1/1000 轮训练
2025-11-12 12:46:52 - GraphTrainer - INFO - ============================================================
2025-11-12 12:53:48 - GraphTrainer - INFO - Starting training...
2025-11-12 12:53:48 - GraphTrainer - INFO - 模型: FastMMGCN
2025-11-12 12:53:48 - GraphTrainer - INFO - 总参数量: 2,859,266
2025-11-12 12:53:48 - GraphTrainer - INFO - 可训练参数量: 2,859,266
2025-11-12 12:53:48 - GraphTrainer - INFO - ============================================================
2025-11-12 12:53:48 - GraphTrainer - INFO - 开始第 1/1000 轮训练
2025-11-12 12:53:48 - GraphTrainer - INFO - ============================================================
2025-11-12 12:54:55 - GraphTrainer - INFO - 验证结果:
2025-11-12 12:54:55 - GraphTrainer - INFO -   precision@5: 0.000134
2025-11-12 12:54:55 - GraphTrainer - INFO -   recall@5: 0.000643
2025-11-12 12:54:55 - GraphTrainer - INFO -   hit_rate@5: 0.000669
2025-11-12 12:54:55 - GraphTrainer - INFO -   ndcg@5: 0.000348
2025-11-12 12:54:55 - GraphTrainer - INFO -   map@5: 0.000248
2025-11-12 12:54:55 - GraphTrainer - INFO -   mrr@5: 0.000261
2025-11-12 12:54:55 - GraphTrainer - INFO -   precision@10: 0.000123
2025-11-12 12:54:55 - GraphTrainer - INFO -   recall@10: 0.001106
2025-11-12 12:54:55 - GraphTrainer - INFO -   hit_rate@10: 0.001234
2025-11-12 12:54:55 - GraphTrainer - INFO -   ndcg@10: 0.000504
2025-11-12 12:54:55 - GraphTrainer - INFO -   map@10: 0.000308
2025-11-12 12:54:55 - GraphTrainer - INFO -   mrr@10: 0.000333
2025-11-12 12:54:55 - GraphTrainer - INFO -   precision@20: 0.000126
2025-11-12 12:54:55 - GraphTrainer - INFO -   recall@20: 0.002340
2025-11-12 12:54:55 - GraphTrainer - INFO -   hit_rate@20: 0.002520
2025-11-12 12:54:55 - GraphTrainer - INFO -   ndcg@20: 0.000815
2025-11-12 12:54:55 - GraphTrainer - INFO -   map@20: 0.000391
2025-11-12 12:54:55 - GraphTrainer - INFO -   mrr@20: 0.000420
2025-11-12 12:54:55 - GraphTrainer - INFO - 第 1 轮训练完成
2025-11-12 12:54:55 - GraphTrainer - INFO - train_loss: 0.697557
2025-11-12 12:54:55 - GraphTrainer - INFO - precision@5: 0.000134
2025-11-12 12:54:55 - GraphTrainer - INFO - recall@5: 0.000643
2025-11-12 12:54:55 - GraphTrainer - INFO - hit_rate@5: 0.000669
2025-11-12 12:54:55 - GraphTrainer - INFO - ndcg@5: 0.000348
2025-11-12 12:54:55 - GraphTrainer - INFO - map@5: 0.000248
2025-11-12 12:54:55 - GraphTrainer - INFO - mrr@5: 0.000261
2025-11-12 12:54:55 - GraphTrainer - INFO - precision@10: 0.000123
2025-11-12 12:54:55 - GraphTrainer - INFO - recall@10: 0.001106
2025-11-12 12:54:55 - GraphTrainer - INFO - hit_rate@10: 0.001234
2025-11-12 12:54:55 - GraphTrainer - INFO - ndcg@10: 0.000504
2025-11-12 12:54:55 - GraphTrainer - INFO - map@10: 0.000308
2025-11-12 12:54:55 - GraphTrainer - INFO - mrr@10: 0.000333
2025-11-12 12:54:55 - GraphTrainer - INFO - precision@20: 0.000126
2025-11-12 12:54:55 - GraphTrainer - INFO - recall@20: 0.002340
2025-11-12 12:54:55 - GraphTrainer - INFO - hit_rate@20: 0.002520
2025-11-12 12:54:55 - GraphTrainer - INFO - ndcg@20: 0.000815
2025-11-12 12:54:55 - GraphTrainer - INFO - map@20: 0.000391
2025-11-12 12:54:55 - GraphTrainer - INFO - mrr@20: 0.000420
2025-11-12 12:54:55 - GraphTrainer - INFO - ------------------------------------------------------------
2025-11-12 12:54:55 - GraphTrainer - INFO - ============================================================
2025-11-12 12:54:55 - GraphTrainer - INFO - 开始第 2/1000 轮训练
2025-11-12 12:54:55 - GraphTrainer - INFO - ============================================================
2025-11-12 12:56:01 - GraphTrainer - INFO - 验证结果:
2025-11-12 12:56:01 - GraphTrainer - INFO -   precision@5: 0.000288
2025-11-12 12:56:01 - GraphTrainer - INFO -   recall@5: 0.001354
2025-11-12 12:56:01 - GraphTrainer - INFO -   hit_rate@5: 0.001440
2025-11-12 12:56:01 - GraphTrainer - INFO -   ndcg@5: 0.000739
2025-11-12 12:56:01 - GraphTrainer - INFO -   map@5: 0.000517
2025-11-12 12:56:01 - GraphTrainer - INFO -   mrr@5: 0.000585
2025-11-12 12:56:01 - GraphTrainer - INFO -   precision@10: 0.000190
2025-11-12 12:56:01 - GraphTrainer - INFO -   recall@10: 0.001791
2025-11-12 12:56:01 - GraphTrainer - INFO -   hit_rate@10: 0.001903
2025-11-12 12:56:01 - GraphTrainer - INFO -   ndcg@10: 0.000880
2025-11-12 12:56:01 - GraphTrainer - INFO -   map@10: 0.000573
2025-11-12 12:56:01 - GraphTrainer - INFO -   mrr@10: 0.000645
2025-11-12 12:56:01 - GraphTrainer - INFO -   precision@20: 0.000190
2025-11-12 12:56:01 - GraphTrainer - INFO -   recall@20: 0.003480
2025-11-12 12:56:01 - GraphTrainer - INFO -   hit_rate@20: 0.003806
2025-11-12 12:56:01 - GraphTrainer - INFO -   ndcg@20: 0.001318
2025-11-12 12:56:01 - GraphTrainer - INFO -   map@20: 0.000690
2025-11-12 12:56:01 - GraphTrainer - INFO -   mrr@20: 0.000775
2025-11-12 12:56:01 - GraphTrainer - INFO - 第 2 轮训练完成
2025-11-12 12:56:01 - GraphTrainer - INFO - train_loss: 0.684378
2025-11-12 12:56:01 - GraphTrainer - INFO - precision@5: 0.000288
2025-11-12 12:56:01 - GraphTrainer - INFO - recall@5: 0.001354
2025-11-12 12:56:01 - GraphTrainer - INFO - hit_rate@5: 0.001440
2025-11-12 12:56:01 - GraphTrainer - INFO - ndcg@5: 0.000739
2025-11-12 12:56:01 - GraphTrainer - INFO - map@5: 0.000517
2025-11-12 12:56:01 - GraphTrainer - INFO - mrr@5: 0.000585
2025-11-12 12:56:01 - GraphTrainer - INFO - precision@10: 0.000190
2025-11-12 12:56:01 - GraphTrainer - INFO - recall@10: 0.001791
2025-11-12 12:56:01 - GraphTrainer - INFO - hit_rate@10: 0.001903
2025-11-12 12:56:01 - GraphTrainer - INFO - ndcg@10: 0.000880
2025-11-12 12:56:01 - GraphTrainer - INFO - map@10: 0.000573
2025-11-12 12:56:01 - GraphTrainer - INFO - mrr@10: 0.000645
2025-11-12 12:56:01 - GraphTrainer - INFO - precision@20: 0.000190
2025-11-12 12:56:01 - GraphTrainer - INFO - recall@20: 0.003480
2025-11-12 12:56:01 - GraphTrainer - INFO - hit_rate@20: 0.003806
2025-11-12 12:56:01 - GraphTrainer - INFO - ndcg@20: 0.001318
2025-11-12 12:56:01 - GraphTrainer - INFO - map@20: 0.000690
2025-11-12 12:56:01 - GraphTrainer - INFO - mrr@20: 0.000775
2025-11-12 12:56:01 - GraphTrainer - INFO - ------------------------------------------------------------
2025-11-12 12:56:01 - GraphTrainer - INFO - ============================================================
2025-11-12 12:56:01 - GraphTrainer - INFO - 开始第 3/1000 轮训练
2025-11-12 12:56:01 - GraphTrainer - INFO - ============================================================
2025-11-12 12:57:09 - GraphTrainer - INFO - 验证结果:
2025-11-12 12:57:09 - GraphTrainer - INFO -   precision@5: 0.000278
2025-11-12 12:57:09 - GraphTrainer - INFO -   recall@5: 0.001269
2025-11-12 12:57:09 - GraphTrainer - INFO -   hit_rate@5: 0.001389
2025-11-12 12:57:09 - GraphTrainer - INFO -   ndcg@5: 0.000805
2025-11-12 12:57:09 - GraphTrainer - INFO -   map@5: 0.000626
2025-11-12 12:57:09 - GraphTrainer - INFO -   mrr@5: 0.000711
2025-11-12 12:57:09 - GraphTrainer - INFO -   precision@10: 0.000226
2025-11-12 12:57:09 - GraphTrainer - INFO -   recall@10: 0.002083
2025-11-12 12:57:09 - GraphTrainer - INFO -   hit_rate@10: 0.002263
2025-11-12 12:57:09 - GraphTrainer - INFO -   ndcg@10: 0.001075
2025-11-12 12:57:09 - GraphTrainer - INFO -   map@10: 0.000737
2025-11-12 12:57:09 - GraphTrainer - INFO -   mrr@10: 0.000831
2025-11-12 12:57:09 - GraphTrainer - INFO -   precision@20: 0.000211
2025-11-12 12:57:09 - GraphTrainer - INFO -   recall@20: 0.003947
2025-11-12 12:57:09 - GraphTrainer - INFO -   hit_rate@20: 0.004217
2025-11-12 12:57:09 - GraphTrainer - INFO -   ndcg@20: 0.001543
2025-11-12 12:57:09 - GraphTrainer - INFO -   map@20: 0.000860
2025-11-12 12:57:09 - GraphTrainer - INFO -   mrr@20: 0.000960
2025-11-12 12:57:09 - GraphTrainer - INFO - 第 3 轮训练完成
2025-11-12 12:57:09 - GraphTrainer - INFO - train_loss: 0.674260
2025-11-12 12:57:09 - GraphTrainer - INFO - precision@5: 0.000278
2025-11-12 12:57:09 - GraphTrainer - INFO - recall@5: 0.001269
2025-11-12 12:57:09 - GraphTrainer - INFO - hit_rate@5: 0.001389
2025-11-12 12:57:09 - GraphTrainer - INFO - ndcg@5: 0.000805
2025-11-12 12:57:09 - GraphTrainer - INFO - map@5: 0.000626
2025-11-12 12:57:09 - GraphTrainer - INFO - mrr@5: 0.000711
2025-11-12 12:57:09 - GraphTrainer - INFO - precision@10: 0.000226
2025-11-12 12:57:09 - GraphTrainer - INFO - recall@10: 0.002083
2025-11-12 12:57:09 - GraphTrainer - INFO - hit_rate@10: 0.002263
2025-11-12 12:57:09 - GraphTrainer - INFO - ndcg@10: 0.001075
2025-11-12 12:57:09 - GraphTrainer - INFO - map@10: 0.000737
2025-11-12 12:57:09 - GraphTrainer - INFO - mrr@10: 0.000831
2025-11-12 12:57:09 - GraphTrainer - INFO - precision@20: 0.000211
2025-11-12 12:57:09 - GraphTrainer - INFO - recall@20: 0.003947
2025-11-12 12:57:09 - GraphTrainer - INFO - hit_rate@20: 0.004217
2025-11-12 12:57:09 - GraphTrainer - INFO - ndcg@20: 0.001543
2025-11-12 12:57:09 - GraphTrainer - INFO - map@20: 0.000860
2025-11-12 12:57:09 - GraphTrainer - INFO - mrr@20: 0.000960
2025-11-12 12:57:09 - GraphTrainer - INFO - ------------------------------------------------------------
2025-11-12 12:57:09 - GraphTrainer - INFO - ============================================================
2025-11-12 12:57:09 - GraphTrainer - INFO - 开始第 4/1000 轮训练
2025-11-12 12:57:09 - GraphTrainer - INFO - ============================================================
2025-11-12 12:58:17 - GraphTrainer - INFO - 验证结果:
2025-11-12 12:58:17 - GraphTrainer - INFO -   precision@5: 0.000411
2025-11-12 12:58:17 - GraphTrainer - INFO -   recall@5: 0.001826
2025-11-12 12:58:17 - GraphTrainer - INFO -   hit_rate@5: 0.002057
2025-11-12 12:58:17 - GraphTrainer - INFO -   ndcg@5: 0.001344
2025-11-12 12:58:17 - GraphTrainer - INFO -   map@5: 0.001138
2025-11-12 12:58:17 - GraphTrainer - INFO -   mrr@5: 0.001288
2025-11-12 12:58:17 - GraphTrainer - INFO -   precision@10: 0.000288
2025-11-12 12:58:17 - GraphTrainer - INFO -   recall@10: 0.002550
2025-11-12 12:58:17 - GraphTrainer - INFO -   hit_rate@10: 0.002880
2025-11-12 12:58:17 - GraphTrainer - INFO -   ndcg@10: 0.001582
2025-11-12 12:58:17 - GraphTrainer - INFO -   map@10: 0.001232
2025-11-12 12:58:17 - GraphTrainer - INFO -   mrr@10: 0.001397
2025-11-12 12:58:17 - GraphTrainer - INFO -   precision@20: 0.000239
2025-11-12 12:58:17 - GraphTrainer - INFO -   recall@20: 0.004354
2025-11-12 12:58:17 - GraphTrainer - INFO -   hit_rate@20: 0.004783
2025-11-12 12:58:17 - GraphTrainer - INFO -   ndcg@20: 0.002041
2025-11-12 12:58:17 - GraphTrainer - INFO -   map@20: 0.001356
2025-11-12 12:58:17 - GraphTrainer - INFO -   mrr@20: 0.001527
2025-11-12 12:58:17 - GraphTrainer - INFO - 第 4 轮训练完成
2025-11-12 12:58:17 - GraphTrainer - INFO - train_loss: 0.663264
2025-11-12 12:58:17 - GraphTrainer - INFO - precision@5: 0.000411
2025-11-12 12:58:17 - GraphTrainer - INFO - recall@5: 0.001826
2025-11-12 12:58:17 - GraphTrainer - INFO - hit_rate@5: 0.002057
2025-11-12 12:58:17 - GraphTrainer - INFO - ndcg@5: 0.001344
2025-11-12 12:58:17 - GraphTrainer - INFO - map@5: 0.001138
2025-11-12 12:58:17 - GraphTrainer - INFO - mrr@5: 0.001288
2025-11-12 12:58:17 - GraphTrainer - INFO - precision@10: 0.000288
2025-11-12 12:58:17 - GraphTrainer - INFO - recall@10: 0.002550
2025-11-12 12:58:17 - GraphTrainer - INFO - hit_rate@10: 0.002880
2025-11-12 12:58:17 - GraphTrainer - INFO - ndcg@10: 0.001582
2025-11-12 12:58:17 - GraphTrainer - INFO - map@10: 0.001232
2025-11-12 12:58:17 - GraphTrainer - INFO - mrr@10: 0.001397
2025-11-12 12:58:17 - GraphTrainer - INFO - precision@20: 0.000239
2025-11-12 12:58:17 - GraphTrainer - INFO - recall@20: 0.004354
2025-11-12 12:58:17 - GraphTrainer - INFO - hit_rate@20: 0.004783
2025-11-12 12:58:17 - GraphTrainer - INFO - ndcg@20: 0.002041
2025-11-12 12:58:17 - GraphTrainer - INFO - map@20: 0.001356
2025-11-12 12:58:17 - GraphTrainer - INFO - mrr@20: 0.001527
2025-11-12 12:58:17 - GraphTrainer - INFO - ------------------------------------------------------------
2025-11-12 12:58:17 - GraphTrainer - INFO - ============================================================
2025-11-12 12:58:17 - GraphTrainer - INFO - 开始第 5/1000 轮训练
2025-11-12 12:58:17 - GraphTrainer - INFO - ============================================================
2025-11-12 12:59:23 - GraphTrainer - INFO - 验证结果:
2025-11-12 12:59:23 - GraphTrainer - INFO -   precision@5: 0.000555
2025-11-12 12:59:23 - GraphTrainer - INFO -   recall@5: 0.002502
2025-11-12 12:59:23 - GraphTrainer - INFO -   hit_rate@5: 0.002777
2025-11-12 12:59:23 - GraphTrainer - INFO -   ndcg@5: 0.001507
2025-11-12 12:59:23 - GraphTrainer - INFO -   map@5: 0.001129
2025-11-12 12:59:23 - GraphTrainer - INFO -   mrr@5: 0.001274
2025-11-12 12:59:23 - GraphTrainer - INFO -   precision@10: 0.000411
2025-11-12 12:59:23 - GraphTrainer - INFO -   recall@10: 0.003744
2025-11-12 12:59:23 - GraphTrainer - INFO -   hit_rate@10: 0.004114
2025-11-12 12:59:23 - GraphTrainer - INFO -   ndcg@10: 0.001909
2025-11-12 12:59:23 - GraphTrainer - INFO -   map@10: 0.001291
2025-11-12 12:59:23 - GraphTrainer - INFO -   mrr@10: 0.001448
2025-11-12 12:59:23 - GraphTrainer - INFO -   precision@20: 0.000306
2025-11-12 12:59:23 - GraphTrainer - INFO -   recall@20: 0.005647
2025-11-12 12:59:23 - GraphTrainer - INFO -   hit_rate@20: 0.006120
2025-11-12 12:59:23 - GraphTrainer - INFO -   ndcg@20: 0.002385
2025-11-12 12:59:23 - GraphTrainer - INFO -   map@20: 0.001415
2025-11-12 12:59:23 - GraphTrainer - INFO -   mrr@20: 0.001578
2025-11-12 12:59:23 - GraphTrainer - INFO - 第 5 轮训练完成
2025-11-12 12:59:23 - GraphTrainer - INFO - train_loss: 0.651042
2025-11-12 12:59:23 - GraphTrainer - INFO - precision@5: 0.000555
2025-11-12 12:59:23 - GraphTrainer - INFO - recall@5: 0.002502
2025-11-12 12:59:23 - GraphTrainer - INFO - hit_rate@5: 0.002777
2025-11-12 12:59:23 - GraphTrainer - INFO - ndcg@5: 0.001507
2025-11-12 12:59:23 - GraphTrainer - INFO - map@5: 0.001129
2025-11-12 12:59:23 - GraphTrainer - INFO - mrr@5: 0.001274
2025-11-12 12:59:23 - GraphTrainer - INFO - precision@10: 0.000411
2025-11-12 12:59:23 - GraphTrainer - INFO - recall@10: 0.003744
2025-11-12 12:59:23 - GraphTrainer - INFO - hit_rate@10: 0.004114
2025-11-12 12:59:23 - GraphTrainer - INFO - ndcg@10: 0.001909
2025-11-12 12:59:23 - GraphTrainer - INFO - map@10: 0.001291
2025-11-12 12:59:23 - GraphTrainer - INFO - mrr@10: 0.001448
2025-11-12 12:59:23 - GraphTrainer - INFO - precision@20: 0.000306
2025-11-12 12:59:23 - GraphTrainer - INFO - recall@20: 0.005647
2025-11-12 12:59:23 - GraphTrainer - INFO - hit_rate@20: 0.006120
2025-11-12 12:59:23 - GraphTrainer - INFO - ndcg@20: 0.002385
2025-11-12 12:59:23 - GraphTrainer - INFO - map@20: 0.001415
2025-11-12 12:59:23 - GraphTrainer - INFO - mrr@20: 0.001578
2025-11-12 12:59:23 - GraphTrainer - INFO - ------------------------------------------------------------
2025-11-12 12:59:23 - GraphTrainer - INFO - ============================================================
2025-11-12 12:59:23 - GraphTrainer - INFO - 开始第 6/1000 轮训练
2025-11-12 12:59:23 - GraphTrainer - INFO - ============================================================
2025-11-12 13:00:30 - GraphTrainer - INFO - 验证结果:
2025-11-12 13:00:30 - GraphTrainer - INFO -   precision@5: 0.000463
2025-11-12 13:00:30 - GraphTrainer - INFO -   recall@5: 0.002143
2025-11-12 13:00:30 - GraphTrainer - INFO -   hit_rate@5: 0.002314
2025-11-12 13:00:30 - GraphTrainer - INFO -   ndcg@5: 0.001307
2025-11-12 13:00:30 - GraphTrainer - INFO -   map@5: 0.000996
2025-11-12 13:00:30 - GraphTrainer - INFO -   mrr@5: 0.001127
2025-11-12 13:00:30 - GraphTrainer - INFO -   precision@10: 0.000386
2025-11-12 13:00:30 - GraphTrainer - INFO -   recall@10: 0.003591
2025-11-12 13:00:30 - GraphTrainer - INFO -   hit_rate@10: 0.003857
2025-11-12 13:00:30 - GraphTrainer - INFO -   ndcg@10: 0.001777
2025-11-12 13:00:30 - GraphTrainer - INFO -   map@10: 0.001185
2025-11-12 13:00:30 - GraphTrainer - INFO -   mrr@10: 0.001328
2025-11-12 13:00:30 - GraphTrainer - INFO -   precision@20: 0.000314
2025-11-12 13:00:30 - GraphTrainer - INFO -   recall@20: 0.005879
2025-11-12 13:00:30 - GraphTrainer - INFO -   hit_rate@20: 0.006274
2025-11-12 13:00:30 - GraphTrainer - INFO -   ndcg@20: 0.002365
2025-11-12 13:00:30 - GraphTrainer - INFO -   map@20: 0.001346
2025-11-12 13:00:30 - GraphTrainer - INFO -   mrr@20: 0.001498
2025-11-12 13:00:30 - GraphTrainer - INFO - 第 6 轮训练完成
2025-11-12 13:00:30 - GraphTrainer - INFO - train_loss: 0.637433
2025-11-12 13:00:30 - GraphTrainer - INFO - precision@5: 0.000463
2025-11-12 13:00:30 - GraphTrainer - INFO - recall@5: 0.002143
2025-11-12 13:00:30 - GraphTrainer - INFO - hit_rate@5: 0.002314
2025-11-12 13:00:30 - GraphTrainer - INFO - ndcg@5: 0.001307
2025-11-12 13:00:30 - GraphTrainer - INFO - map@5: 0.000996
2025-11-12 13:00:30 - GraphTrainer - INFO - mrr@5: 0.001127
2025-11-12 13:00:30 - GraphTrainer - INFO - precision@10: 0.000386
2025-11-12 13:00:30 - GraphTrainer - INFO - recall@10: 0.003591
2025-11-12 13:00:30 - GraphTrainer - INFO - hit_rate@10: 0.003857
2025-11-12 13:00:30 - GraphTrainer - INFO - ndcg@10: 0.001777
2025-11-12 13:00:30 - GraphTrainer - INFO - map@10: 0.001185
2025-11-12 13:00:30 - GraphTrainer - INFO - mrr@10: 0.001328
2025-11-12 13:00:30 - GraphTrainer - INFO - precision@20: 0.000314
2025-11-12 13:00:30 - GraphTrainer - INFO - recall@20: 0.005879
2025-11-12 13:00:30 - GraphTrainer - INFO - hit_rate@20: 0.006274
2025-11-12 13:00:30 - GraphTrainer - INFO - ndcg@20: 0.002365
2025-11-12 13:00:30 - GraphTrainer - INFO - map@20: 0.001346
2025-11-12 13:00:30 - GraphTrainer - INFO - mrr@20: 0.001498
2025-11-12 13:00:30 - GraphTrainer - INFO - ------------------------------------------------------------
2025-11-12 13:00:30 - GraphTrainer - INFO - ============================================================
2025-11-12 13:00:30 - GraphTrainer - INFO - 开始第 7/1000 轮训练
2025-11-12 13:00:30 - GraphTrainer - INFO - ============================================================
2025-11-12 13:01:37 - GraphTrainer - INFO - 验证结果:
2025-11-12 13:01:37 - GraphTrainer - INFO -   precision@5: 0.000381
2025-11-12 13:01:37 - GraphTrainer - INFO -   recall@5: 0.001663
2025-11-12 13:01:37 - GraphTrainer - INFO -   hit_rate@5: 0.001903
2025-11-12 13:01:37 - GraphTrainer - INFO -   ndcg@5: 0.001059
2025-11-12 13:01:37 - GraphTrainer - INFO -   map@5: 0.000820
2025-11-12 13:01:37 - GraphTrainer - INFO -   mrr@5: 0.000947
2025-11-12 13:01:37 - GraphTrainer - INFO -   precision@10: 0.000381
2025-11-12 13:01:37 - GraphTrainer - INFO -   recall@10: 0.003467
2025-11-12 13:01:37 - GraphTrainer - INFO -   hit_rate@10: 0.003806
2025-11-12 13:01:37 - GraphTrainer - INFO -   ndcg@10: 0.001638
2025-11-12 13:01:37 - GraphTrainer - INFO -   map@10: 0.001049
2025-11-12 13:01:37 - GraphTrainer - INFO -   mrr@10: 0.001191
2025-11-12 13:01:37 - GraphTrainer - INFO -   precision@20: 0.000352
2025-11-12 13:01:37 - GraphTrainer - INFO -   recall@20: 0.006524
2025-11-12 13:01:37 - GraphTrainer - INFO -   hit_rate@20: 0.007046
2025-11-12 13:01:37 - GraphTrainer - INFO -   ndcg@20: 0.002420
2025-11-12 13:01:37 - GraphTrainer - INFO -   map@20: 0.001261
2025-11-12 13:01:37 - GraphTrainer - INFO -   mrr@20: 0.001415
2025-11-12 13:01:37 - GraphTrainer - INFO - 第 7 轮训练完成
2025-11-12 13:01:37 - GraphTrainer - INFO - train_loss: 0.621278
2025-11-12 13:01:37 - GraphTrainer - INFO - precision@5: 0.000381
2025-11-12 13:01:37 - GraphTrainer - INFO - recall@5: 0.001663
2025-11-12 13:01:37 - GraphTrainer - INFO - hit_rate@5: 0.001903
2025-11-12 13:01:37 - GraphTrainer - INFO - ndcg@5: 0.001059
2025-11-12 13:01:37 - GraphTrainer - INFO - map@5: 0.000820
2025-11-12 13:01:37 - GraphTrainer - INFO - mrr@5: 0.000947
2025-11-12 13:01:37 - GraphTrainer - INFO - precision@10: 0.000381
2025-11-12 13:01:37 - GraphTrainer - INFO - recall@10: 0.003467
2025-11-12 13:01:37 - GraphTrainer - INFO - hit_rate@10: 0.003806
2025-11-12 13:01:37 - GraphTrainer - INFO - ndcg@10: 0.001638
2025-11-12 13:01:37 - GraphTrainer - INFO - map@10: 0.001049
2025-11-12 13:01:37 - GraphTrainer - INFO - mrr@10: 0.001191
2025-11-12 13:01:37 - GraphTrainer - INFO - precision@20: 0.000352
2025-11-12 13:01:37 - GraphTrainer - INFO - recall@20: 0.006524
2025-11-12 13:01:37 - GraphTrainer - INFO - hit_rate@20: 0.007046
2025-11-12 13:01:37 - GraphTrainer - INFO - ndcg@20: 0.002420
2025-11-12 13:01:37 - GraphTrainer - INFO - map@20: 0.001261
2025-11-12 13:01:37 - GraphTrainer - INFO - mrr@20: 0.001415
2025-11-12 13:01:37 - GraphTrainer - INFO - ------------------------------------------------------------
2025-11-12 13:01:37 - GraphTrainer - INFO - ============================================================
2025-11-12 13:01:37 - GraphTrainer - INFO - 开始第 8/1000 轮训练
2025-11-12 13:01:37 - GraphTrainer - INFO - ============================================================
2025-11-12 13:02:44 - GraphTrainer - INFO - 验证结果:
2025-11-12 13:02:44 - GraphTrainer - INFO -   precision@5: 0.000751
2025-11-12 13:02:44 - GraphTrainer - INFO -   recall@5: 0.003484
2025-11-12 13:02:44 - GraphTrainer - INFO -   hit_rate@5: 0.003754
2025-11-12 13:02:44 - GraphTrainer - INFO -   ndcg@5: 0.002119
2025-11-12 13:02:44 - GraphTrainer - INFO -   map@5: 0.001631
2025-11-12 13:02:44 - GraphTrainer - INFO -   mrr@5: 0.001736
2025-11-12 13:02:44 - GraphTrainer - INFO -   precision@10: 0.000545
2025-11-12 13:02:44 - GraphTrainer - INFO -   recall@10: 0.005078
2025-11-12 13:02:44 - GraphTrainer - INFO -   hit_rate@10: 0.005451
2025-11-12 13:02:44 - GraphTrainer - INFO -   ndcg@10: 0.002630
2025-11-12 13:02:44 - GraphTrainer - INFO -   map@10: 0.001833
2025-11-12 13:02:44 - GraphTrainer - INFO -   mrr@10: 0.001950
2025-11-12 13:02:44 - GraphTrainer - INFO -   precision@20: 0.000453
2025-11-12 13:02:44 - GraphTrainer - INFO -   recall@20: 0.008317
2025-11-12 13:02:44 - GraphTrainer - INFO -   hit_rate@20: 0.009051
2025-11-12 13:02:44 - GraphTrainer - INFO -   ndcg@20: 0.003466
2025-11-12 13:02:44 - GraphTrainer - INFO -   map@20: 0.002058
2025-11-12 13:02:44 - GraphTrainer - INFO -   mrr@20: 0.002197
2025-11-12 13:02:44 - GraphTrainer - INFO - 第 8 轮训练完成
2025-11-12 13:02:44 - GraphTrainer - INFO - train_loss: 0.601985
2025-11-12 13:02:44 - GraphTrainer - INFO - precision@5: 0.000751
2025-11-12 13:02:44 - GraphTrainer - INFO - recall@5: 0.003484
2025-11-12 13:02:44 - GraphTrainer - INFO - hit_rate@5: 0.003754
2025-11-12 13:02:44 - GraphTrainer - INFO - ndcg@5: 0.002119
2025-11-12 13:02:44 - GraphTrainer - INFO - map@5: 0.001631
2025-11-12 13:02:44 - GraphTrainer - INFO - mrr@5: 0.001736
2025-11-12 13:02:44 - GraphTrainer - INFO - precision@10: 0.000545
2025-11-12 13:02:44 - GraphTrainer - INFO - recall@10: 0.005078
2025-11-12 13:02:44 - GraphTrainer - INFO - hit_rate@10: 0.005451
2025-11-12 13:02:44 - GraphTrainer - INFO - ndcg@10: 0.002630
2025-11-12 13:02:44 - GraphTrainer - INFO - map@10: 0.001833
2025-11-12 13:02:44 - GraphTrainer - INFO - mrr@10: 0.001950
2025-11-12 13:02:44 - GraphTrainer - INFO - precision@20: 0.000453
2025-11-12 13:02:44 - GraphTrainer - INFO - recall@20: 0.008317
2025-11-12 13:02:44 - GraphTrainer - INFO - hit_rate@20: 0.009051
2025-11-12 13:02:44 - GraphTrainer - INFO - ndcg@20: 0.003466
2025-11-12 13:02:44 - GraphTrainer - INFO - map@20: 0.002058
2025-11-12 13:02:44 - GraphTrainer - INFO - mrr@20: 0.002197
2025-11-12 13:02:44 - GraphTrainer - INFO - ------------------------------------------------------------
2025-11-12 13:02:44 - GraphTrainer - INFO - ============================================================
2025-11-12 13:02:44 - GraphTrainer - INFO - 开始第 9/1000 轮训练
2025-11-12 13:02:44 - GraphTrainer - INFO - ============================================================
